mode: set
github.com/fsvxavier/unico/usecases/feiraLivreUseCase.go:15.91,19.2 1 1
github.com/fsvxavier/unico/usecases/feiraLivreUseCase.go:22.83,24.16 2 1
github.com/fsvxavier/unico/usecases/feiraLivreUseCase.go:27.2,27.20 1 1
github.com/fsvxavier/unico/usecases/feiraLivreUseCase.go:24.16,26.3 1 1
github.com/fsvxavier/unico/usecases/feiraLivreUseCase.go:31.77,33.16 2 1
github.com/fsvxavier/unico/usecases/feiraLivreUseCase.go:36.2,36.20 1 1
github.com/fsvxavier/unico/usecases/feiraLivreUseCase.go:33.16,35.3 1 1
github.com/fsvxavier/unico/usecases/feiraLivreUseCase.go:40.100,42.16 2 1
github.com/fsvxavier/unico/usecases/feiraLivreUseCase.go:45.2,45.17 1 1
github.com/fsvxavier/unico/usecases/feiraLivreUseCase.go:42.16,44.3 1 0
github.com/fsvxavier/unico/usecases/feiraLivreUseCase.go:49.100,51.16 2 1
github.com/fsvxavier/unico/usecases/feiraLivreUseCase.go:54.2,54.17 1 1
github.com/fsvxavier/unico/usecases/feiraLivreUseCase.go:51.16,53.3 1 0
github.com/fsvxavier/unico/usecases/feiraLivreUseCase.go:58.110,60.16 2 1
github.com/fsvxavier/unico/usecases/feiraLivreUseCase.go:63.2,63.17 1 1
github.com/fsvxavier/unico/usecases/feiraLivreUseCase.go:60.16,62.3 1 0
github.com/fsvxavier/unico/usecases/feiraLivreUseCase.go:67.82,69.16 2 1
github.com/fsvxavier/unico/usecases/feiraLivreUseCase.go:72.2,72.17 1 1
github.com/fsvxavier/unico/usecases/feiraLivreUseCase.go:69.16,71.3 1 0
github.com/fsvxavier/unico/usecases/healthUseCase.go:13.94,17.2 1 1
github.com/fsvxavier/unico/usecases/healthUseCase.go:19.67,21.16 2 1
github.com/fsvxavier/unico/usecases/healthUseCase.go:24.2,24.17 1 1
github.com/fsvxavier/unico/usecases/healthUseCase.go:21.16,23.3 1 1
github.com/fsvxavier/unico/api/handlers/feiraLivre.go:24.84,35.2 7 1
github.com/fsvxavier/unico/api/handlers/feiraLivre.go:43.66,50.16 6 0
github.com/fsvxavier/unico/api/handlers/feiraLivre.go:56.2,58.75 2 0
github.com/fsvxavier/unico/api/handlers/feiraLivre.go:64.2,66.16 2 0
github.com/fsvxavier/unico/api/handlers/feiraLivre.go:72.2,72.42 1 0
github.com/fsvxavier/unico/api/handlers/feiraLivre.go:50.16,54.3 3 0
github.com/fsvxavier/unico/api/handlers/feiraLivre.go:58.75,62.3 3 0
github.com/fsvxavier/unico/api/handlers/feiraLivre.go:66.16,70.3 3 0
github.com/fsvxavier/unico/api/handlers/feiraLivre.go:83.66,90.16 6 0
github.com/fsvxavier/unico/api/handlers/feiraLivre.go:96.2,98.75 2 0
github.com/fsvxavier/unico/api/handlers/feiraLivre.go:104.2,106.16 2 0
github.com/fsvxavier/unico/api/handlers/feiraLivre.go:111.2,111.43 1 0
github.com/fsvxavier/unico/api/handlers/feiraLivre.go:90.16,94.3 3 0
github.com/fsvxavier/unico/api/handlers/feiraLivre.go:98.75,102.3 3 0
github.com/fsvxavier/unico/api/handlers/feiraLivre.go:106.16,109.3 2 0
github.com/fsvxavier/unico/api/handlers/feiraLivre.go:122.66,129.16 6 0
github.com/fsvxavier/unico/api/handlers/feiraLivre.go:135.2,137.75 2 0
github.com/fsvxavier/unico/api/handlers/feiraLivre.go:143.2,145.16 2 0
github.com/fsvxavier/unico/api/handlers/feiraLivre.go:150.2,150.43 1 0
github.com/fsvxavier/unico/api/handlers/feiraLivre.go:129.16,133.3 3 0
github.com/fsvxavier/unico/api/handlers/feiraLivre.go:137.75,141.3 3 0
github.com/fsvxavier/unico/api/handlers/feiraLivre.go:145.16,148.3 2 0
github.com/fsvxavier/unico/api/handlers/feiraLivre.go:159.66,169.16 7 0
github.com/fsvxavier/unico/api/handlers/feiraLivre.go:175.2,175.42 1 0
github.com/fsvxavier/unico/api/handlers/feiraLivre.go:169.16,173.3 3 0
github.com/fsvxavier/unico/api/handlers/feiraLivre.go:184.57,194.16 7 0
github.com/fsvxavier/unico/api/handlers/feiraLivre.go:200.2,200.42 1 0
github.com/fsvxavier/unico/api/handlers/feiraLivre.go:194.16,198.3 3 0
github.com/fsvxavier/unico/api/handlers/feiraLivre.go:209.65,219.16 7 0
github.com/fsvxavier/unico/api/handlers/feiraLivre.go:225.2,225.42 1 0
github.com/fsvxavier/unico/api/handlers/feiraLivre.go:219.16,223.3 3 0
github.com/fsvxavier/unico/api/handlers/health.go:17.86,23.2 3 1
github.com/fsvxavier/unico/api/handlers/health.go:30.62,34.16 3 1
github.com/fsvxavier/unico/api/handlers/health.go:39.2,40.42 2 1
github.com/fsvxavier/unico/api/handlers/health.go:34.16,37.3 2 1
github.com/fsvxavier/unico/repositories/feiraLivreRepository.go:27.81,29.2 1 1
github.com/fsvxavier/unico/repositories/feiraLivreRepository.go:31.85,37.16 2 1
github.com/fsvxavier/unico/repositories/feiraLivreRepository.go:40.2,44.18 3 1
github.com/fsvxavier/unico/repositories/feiraLivreRepository.go:93.2,93.18 1 1
github.com/fsvxavier/unico/repositories/feiraLivreRepository.go:37.16,39.3 1 0
github.com/fsvxavier/unico/repositories/feiraLivreRepository.go:44.18,69.17 4 1
github.com/fsvxavier/unico/repositories/feiraLivreRepository.go:73.3,91.26 18 1
github.com/fsvxavier/unico/repositories/feiraLivreRepository.go:69.17,71.4 1 0
github.com/fsvxavier/unico/repositories/feiraLivreRepository.go:97.118,101.28 2 1
github.com/fsvxavier/unico/repositories/feiraLivreRepository.go:105.2,105.27 1 1
github.com/fsvxavier/unico/repositories/feiraLivreRepository.go:109.2,109.29 1 1
github.com/fsvxavier/unico/repositories/feiraLivreRepository.go:113.2,113.26 1 1
github.com/fsvxavier/unico/repositories/feiraLivreRepository.go:117.2,122.16 2 1
github.com/fsvxavier/unico/repositories/feiraLivreRepository.go:125.2,129.18 3 1
github.com/fsvxavier/unico/repositories/feiraLivreRepository.go:178.2,178.18 1 1
github.com/fsvxavier/unico/repositories/feiraLivreRepository.go:101.28,103.3 1 1
github.com/fsvxavier/unico/repositories/feiraLivreRepository.go:105.27,107.3 1 1
github.com/fsvxavier/unico/repositories/feiraLivreRepository.go:109.29,111.3 1 1
github.com/fsvxavier/unico/repositories/feiraLivreRepository.go:113.26,115.3 1 1
github.com/fsvxavier/unico/repositories/feiraLivreRepository.go:122.16,124.3 1 0
github.com/fsvxavier/unico/repositories/feiraLivreRepository.go:129.18,154.17 4 1
github.com/fsvxavier/unico/repositories/feiraLivreRepository.go:158.3,176.26 18 1
github.com/fsvxavier/unico/repositories/feiraLivreRepository.go:154.17,156.4 1 0
github.com/fsvxavier/unico/repositories/feiraLivreRepository.go:181.91,186.23 4 1
github.com/fsvxavier/unico/repositories/feiraLivreRepository.go:196.2,201.16 2 1
github.com/fsvxavier/unico/repositories/feiraLivreRepository.go:205.2,209.18 3 1
github.com/fsvxavier/unico/repositories/feiraLivreRepository.go:258.2,258.18 1 1
github.com/fsvxavier/unico/repositories/feiraLivreRepository.go:186.23,188.35 2 1
github.com/fsvxavier/unico/repositories/feiraLivreRepository.go:188.35,190.4 1 1
github.com/fsvxavier/unico/repositories/feiraLivreRepository.go:191.8,191.30 1 1
github.com/fsvxavier/unico/repositories/feiraLivreRepository.go:191.30,194.3 2 1
github.com/fsvxavier/unico/repositories/feiraLivreRepository.go:201.16,203.3 1 1
github.com/fsvxavier/unico/repositories/feiraLivreRepository.go:209.18,234.17 4 1
github.com/fsvxavier/unico/repositories/feiraLivreRepository.go:238.3,256.26 18 1
github.com/fsvxavier/unico/repositories/feiraLivreRepository.go:234.17,236.4 1 0
github.com/fsvxavier/unico/repositories/feiraLivreRepository.go:262.108,278.16 3 1
github.com/fsvxavier/unico/repositories/feiraLivreRepository.go:282.2,283.16 2 1
github.com/fsvxavier/unico/repositories/feiraLivreRepository.go:286.2,293.18 3 1
github.com/fsvxavier/unico/repositories/feiraLivreRepository.go:278.16,280.3 1 0
github.com/fsvxavier/unico/repositories/feiraLivreRepository.go:283.16,285.3 1 0
github.com/fsvxavier/unico/repositories/feiraLivreRepository.go:298.108,312.16 4 1
github.com/fsvxavier/unico/repositories/feiraLivreRepository.go:316.2,321.18 2 1
github.com/fsvxavier/unico/repositories/feiraLivreRepository.go:312.16,314.3 1 0
github.com/fsvxavier/unico/repositories/feiraLivreRepository.go:326.90,336.16 4 1
github.com/fsvxavier/unico/repositories/feiraLivreRepository.go:344.2,344.18 1 1
github.com/fsvxavier/unico/repositories/feiraLivreRepository.go:336.16,342.3 3 0
github.com/fsvxavier/unico/repositories/healthRepository.go:12.66,14.2 1 1
github.com/fsvxavier/unico/repositories/healthRepository.go:16.70,21.2 4 1
github.com/fsvxavier/unico/middlewares/logger.go:18.52,19.30 1 1
github.com/fsvxavier/unico/middlewares/logger.go:19.30,31.21 11 1
github.com/fsvxavier/unico/middlewares/logger.go:35.3,52.24 5 1
github.com/fsvxavier/unico/middlewares/logger.go:31.21,33.4 1 1
github.com/fsvxavier/unico/middlewares/logger.go:52.24,54.4 1 1
github.com/fsvxavier/unico/middlewares/logger.go:54.9,57.29 2 1
github.com/fsvxavier/unico/middlewares/logger.go:60.4,64.31 3 1
github.com/fsvxavier/unico/middlewares/logger.go:57.29,59.5 1 1
github.com/fsvxavier/unico/middlewares/logger.go:65.20,66.38 1 1
github.com/fsvxavier/unico/middlewares/logger.go:67.20,68.37 1 1
github.com/fsvxavier/unico/middlewares/logger.go:69.12,70.26 1 1
github.com/fsvxavier/unico/middlewares/logger.go:70.26,72.6 1 1
github.com/fsvxavier/unico/middlewares/cors.go:8.29,9.30 1 1
github.com/fsvxavier/unico/middlewares/cors.go:9.30,15.36 5 1
github.com/fsvxavier/unico/middlewares/cors.go:20.3,20.11 1 1
github.com/fsvxavier/unico/middlewares/cors.go:15.36,18.4 2 1
github.com/fsvxavier/unico/api/server.go:35.31,71.2 21 1
github.com/fsvxavier/unico/api/server.go:74.32,89.52 7 0
github.com/fsvxavier/unico/api/server.go:89.52,92.3 2 0
